PINHO FERNANDES Enzo - 21107465
DURBIN Deniz Ali - 21111116



1e test :

============================================================================

Nombre de poules au total : 5
Nombre de poules mortes : 2
Nombre d'oeufs pondus : 3

============================================================================

Nombre de renards au total : 5
Nombre de renards morts : 3
Nombre de poulet mangés : 1

============================================================================

Nombre de rats au total : 5
Nombre de rats morts : 5
Nombre d'oeufs mangés : 0

============================================================================



////////////////////////////////////////////////////////////////////////////////////////////////////


2e test : Réparation des fonctions attack() :

============================================================================

Nombre de poules au total : 5
Nombre de poules mortes : 5
Nombre d'oeufs pondus : 7

============================================================================

Nombre de renards au total : 5
Nombre de renards morts : 1
Nombre de poulet mangés : 5

============================================================================

Nombre de rats au total : 5
Nombre de rats morts : 4
Nombre d'oeufs mangés : 2

============================================================================


////////////////////////////////////////////////////////////////////////////////////////////////////
















3e test : Changement des paramètres (probabilités, énergies, temps de simulation...) :

============================================================================

Nombre de poules au total : 259
Nombre de poules mortes : 114
Nombre d'oeufs pondus : 182

============================================================================

Nombre de renards au total : 24
Nombre de renards morts : 3
Nombre de poulet mangés : 91

============================================================================

Nombre de rats au total : 62
Nombre de rats morts : 41
Nombre d'oeufs mangés : 10

============================================================================


////////////////////////////////////////////////////////////////////////////////////////////////////


============================================================================

Nombre de poules au total : 151
Nombre de poules mortes : 88
Nombre d'oeufs pondus : 79

============================================================================

Nombre de renards au total : 40
Nombre de renards morts : 15
Nombre de poulet mangés : 76

============================================================================

Nombre de rats au total : 50
Nombre de rats morts : 32
Nombre d'oeufs mangés : 19

============================================================================

////////////////////////////////////////////////////////////////////////////////////////////////////

============================================================================

Nombre de poules au total : 137
Nombre de poules mortes : 73
Nombre d'oeufs pondus : 83

============================================================================

Nombre de renards au total : 44
Nombre de renards morts : 22
Nombre de poulet mangés : 66

============================================================================

Nombre de rats au total : 54
Nombre de rats morts : 39
Nombre d'oeufs mangés : 22

============================================================================

////////////////////////////////////////////////////////////////////////////////////////////////////

============================================================================

Nombre de poules au total : 203
Nombre de poules mortes : 107
Nombre d'oeufs pondus : 124

============================================================================

Nombre de renards au total : 35
Nombre de renards morts : 12
Nombre de poulet mangés : 87

============================================================================

Nombre de rats au total : 51
Nombre de rats morts : 35
Nombre d'oeufs mangés : 16

============================================================================

////////////////////////////////////////////////////////////////////////////////////////////////////

============================================================================

Nombre de poules au total : 175
Nombre de poules mortes : 86
Nombre d'oeufs pondus : 113

============================================================================

Nombre de renards au total : 36
Nombre de renards morts : 9
Nombre de poulet mangés : 70

============================================================================

Nombre de rats au total : 59
Nombre de rats morts : 46
Nombre d'oeufs mangés : 21

============================================================================


